2026-05-06 10:07:44,985 [INFO] Activator:176 - 


2026-05-06 10:07:44,986 [INFO] Activator:177 - !SESSION log4j initialized
2026-05-06 10:07:46,130 [INFO] LogOutputStream:77 - [STDOUT_REDIRECT] 
2026-05-06 10:07:47,516 [INFO] ApplicationProperties:184 - Using Application install path: /home/texasjoe23/st/stm32cubeide_1.18.1/plugins/com.st.stm32cube.common.mx_6.15.0.202507011659
2026-05-06 10:07:47,525 [INFO] DbMcusXml:78 - Set database path to: /home/texasjoe23/st/stm32cubeide_1.18.1/plugins/com.st.stm32cube.common.mx_6.15.0.202507011659//db//mcu/
2026-05-06 10:07:47,525 [INFO] ApiDb:274 - Set plugin database path to: /home/texasjoe23/st/stm32cubeide_1.18.1/plugins/com.st.stm32cube.common.mx_6.15.0.202507011659//db//plugins/boardmanager/
2026-05-06 10:07:47,526 [WARN] ApiDb:259 - Overriding images path with different value:  => /home/texasjoe23/st/stm32cubeide_1.18.1/plugins/com.st.stm32cube.common.mx_6.15.0.202507011659//db//plugins/mcufinder/images/
2026-05-06 10:07:47,527 [INFO] ApiDb:250 - Set database path to: /home/texasjoe23/.stmcufinder/plugins/mcufinder//mcu/
2026-05-06 10:07:47,528 [INFO] DbMcusAds:125 - Set database path to: /home/texasjoe23/.stmcufinder/plugins/mcufinder//mcu/
2026-05-06 10:07:47,529 [INFO] CrossReferenceDbSqlite:203 - Set database path to: /home/texasjoe23/.stmcufinder/plugins/mcufinder//mcu/cs/
2026-05-06 10:07:47,597 [INFO] RulesReader:64 - Compatibility file has been processed (317 Rules)
2026-05-06 10:07:47,632 [INFO] DbMcusXml:78 - Set database path to: /home/texasjoe23/st/stm32cubeide_1.18.1/plugins/com.st.stm32cube.common.mx_6.15.0.202507011659//db//mcu/
2026-05-06 10:07:47,632 [INFO] ApiDb:274 - Set plugin database path to: /home/texasjoe23/st/stm32cubeide_1.18.1/plugins/com.st.stm32cube.common.mx_6.15.0.202507011659//db//plugins/boardmanager/
2026-05-06 10:07:47,632 [INFO] ApiDb:261 - Set plugin images path to: /home/texasjoe23/st/stm32cubeide_1.18.1/plugins/com.st.stm32cube.common.mx_6.15.0.202507011659//db//plugins/mcufinder/images/
2026-05-06 10:07:47,632 [WARN] DbFile:41 - Overriding database path with different value: /home/texasjoe23/.stmcufinder/plugins/mcufinder/ => /home/texasjoe23/.stmcufinder/plugins/mcufinder
2026-05-06 10:07:47,632 [INFO] ApiDb:250 - Set database path to: /home/texasjoe23/.stmcufinder/plugins/mcufinder//mcu/
2026-05-06 10:07:47,632 [WARN] DbFile:41 - Overriding database path with different value: /home/texasjoe23/.stmcufinder/plugins/mcufinder/ => /home/texasjoe23/.stmcufinder/plugins/mcufinder
2026-05-06 10:07:47,632 [INFO] DbMcusAds:125 - Set database path to: /home/texasjoe23/.stmcufinder/plugins/mcufinder//mcu/
2026-05-06 10:07:47,632 [WARN] DbFile:41 - Overriding database path with different value: /home/texasjoe23/.stmcufinder/plugins/mcufinder/ => /home/texasjoe23/.stmcufinder/plugins/mcufinder
2026-05-06 10:07:47,632 [WARN] DbFile:41 - Overriding database path with different value: /home/texasjoe23/.stmcufinder/plugins/mcufinder/ => /home/texasjoe23/.stmcufinder/plugins/mcufinder
2026-05-06 10:07:47,633 [INFO] CrossReferenceDbSqlite:203 - Set database path to: /home/texasjoe23/.stmcufinder/plugins/mcufinder//mcu/cs/
2026-05-06 10:07:47,667 [INFO] MainPanel:274 - HeapMemory: 268435456
2026-05-06 10:07:47,733 [INFO] DbMcusXml:78 - Set database path to: /home/texasjoe23/st/stm32cubeide_1.18.1/plugins/com.st.stm32cube.common.mx_6.15.0.202507011659//db//mcu/
2026-05-06 10:07:47,733 [INFO] ApiDb:274 - Set plugin database path to: /home/texasjoe23/st/stm32cubeide_1.18.1/plugins/com.st.stm32cube.common.mx_6.15.0.202507011659//db//plugins/boardmanager/
2026-05-06 10:07:47,733 [INFO] ApiDb:261 - Set plugin images path to: /home/texasjoe23/st/stm32cubeide_1.18.1/plugins/com.st.stm32cube.common.mx_6.15.0.202507011659//db//plugins/mcufinder/images/
2026-05-06 10:07:47,733 [WARN] DbFile:41 - Overriding database path with different value: /home/texasjoe23/.stmcufinder/plugins/mcufinder/ => /home/texasjoe23/.stmcufinder/plugins/mcufinder
2026-05-06 10:07:47,733 [INFO] ApiDb:250 - Set database path to: /home/texasjoe23/.stmcufinder/plugins/mcufinder//mcu/
2026-05-06 10:07:47,733 [WARN] DbFile:41 - Overriding database path with different value: /home/texasjoe23/.stmcufinder/plugins/mcufinder/ => /home/texasjoe23/.stmcufinder/plugins/mcufinder
2026-05-06 10:07:47,733 [INFO] DbMcusAds:125 - Set database path to: /home/texasjoe23/.stmcufinder/plugins/mcufinder//mcu/
2026-05-06 10:07:47,733 [WARN] DbFile:41 - Overriding database path with different value: /home/texasjoe23/.stmcufinder/plugins/mcufinder/ => /home/texasjoe23/.stmcufinder/plugins/mcufinder
2026-05-06 10:07:47,733 [WARN] DbFile:41 - Overriding database path with different value: /home/texasjoe23/.stmcufinder/plugins/mcufinder/ => /home/texasjoe23/.stmcufinder/plugins/mcufinder
2026-05-06 10:07:47,733 [INFO] CrossReferenceDbSqlite:203 - Set database path to: /home/texasjoe23/.stmcufinder/plugins/mcufinder//mcu/cs/
2026-05-06 10:07:47,742 [INFO] ApplicationProperties:184 - Using Application install path: /home/texasjoe23/st/stm32cubeide_1.18.1/plugins/com.st.stm32cube.common.mx_6.15.0.202507011659
2026-05-06 10:07:47,743 [INFO] PluginManage:196 - Search for loadable plugins [exclusion list=, ]
2026-05-06 10:07:47,744 [INFO] PluginManage:310 - Check plugin analytics
2026-05-06 10:07:47,833 [INFO] AnalyticsPlugin:253 - Accepted Software Licenses: STM32CubeMX.6.14.1
2026-05-06 10:07:47,833 [INFO] AnalyticsPlugin:255 - Accepted CMSIS Pack Licenses: 
2026-05-06 10:07:47,833 [INFO] AnalyticsPlugin:257 - Accepted Firmware Licenses: FW.F4.1.28.0
2026-05-06 10:07:47,835 [INFO] PluginManage:359 - Loaded plugin analytics (category:tool,tabindex:-1)
2026-05-06 10:07:47,835 [INFO] PluginManage:310 - Check plugin cadmodel
2026-05-06 10:07:47,837 [INFO] CADModel:105 - Init CAD model plugin
2026-05-06 10:07:47,837 [INFO] PluginManage:359 - Loaded plugin cadmodel (category:power,tabindex:5)
2026-05-06 10:07:47,837 [INFO] PluginManage:310 - Check plugin clock
2026-05-06 10:07:47,842 [INFO] PluginManage:359 - Loaded plugin clock (category:base,tabindex:2)
2026-05-06 10:07:47,842 [INFO] PluginManage:310 - Check plugin ddr
2026-05-06 10:07:47,843 [INFO] PluginManage:359 - Loaded plugin ddr (category:tool,tabindex:6)
2026-05-06 10:07:47,843 [INFO] PluginManage:310 - Check plugin filemanager
2026-05-06 10:07:47,967 [INFO] PluginManage:359 - Loaded plugin filemanager (category:base,tabindex:10)
2026-05-06 10:07:47,967 [INFO] PluginManage:310 - Check plugin ipmanager
2026-05-06 10:07:47,971 [INFO] PluginManage:359 - Loaded plugin ipmanager (category:base,tabindex:5)
2026-05-06 10:07:47,972 [INFO] PluginManage:310 - Check plugin lpbam
2026-05-06 10:07:47,977 [INFO] PluginManage:359 - Loaded plugin lpbam (category:base,tabindex:0)
2026-05-06 10:07:47,977 [INFO] PluginManage:310 - Check plugin memorymap
2026-05-06 10:07:47,984 [INFO] PluginManage:359 - Loaded plugin memorymap (category:base,tabindex:4)
2026-05-06 10:07:47,984 [INFO] PluginManage:310 - Check plugin pinoutandconfiguration
2026-05-06 10:07:47,990 [INFO] PluginManage:359 - Loaded plugin pinoutandconfiguration (category:base,tabindex:1)
2026-05-06 10:07:47,990 [INFO] PluginManage:310 - Check plugin pinoutconfig
2026-05-06 10:07:48,037 [WARN] SupportedApi:132 - Cannot load RTOS API schema: s4s-elt-must-match.1: The content of 'definitions' must match (annotation?, (simpleType | complexType)?, (unique | key | keyref)*)). A problem was found starting at: attribute.
2026-05-06 10:07:48,107 [INFO] PluginManage:359 - Loaded plugin pinoutconfig (category:base,tabindex:0)
2026-05-06 10:07:48,107 [INFO] PluginManage:310 - Check plugin power
2026-05-06 10:07:48,111 [INFO] PluginManage:359 - Loaded plugin power (category:power,tabindex:4)
2026-05-06 10:07:48,111 [INFO] PluginManage:310 - Check plugin projectmanager
2026-05-06 10:07:48,120 [INFO] PluginManage:359 - Loaded plugin projectmanager (category:projectmanager,tabindex:4)
2026-05-06 10:07:48,120 [INFO] PluginManage:310 - Check plugin rif
2026-05-06 10:07:48,124 [INFO] PluginManage:359 - Loaded plugin rif (category:base,tabindex:3)
2026-05-06 10:07:48,125 [INFO] PluginManage:310 - Check plugin thirdparty
2026-05-06 10:07:48,185 [INFO] PluginManage:359 - Loaded plugin thirdparty (category:base,tabindex:-1)
2026-05-06 10:07:48,185 [WARN] IntegrityCheckThread:84 - waiting for thirdparty lock release [integrity check]
2026-05-06 10:07:48,185 [INFO] PluginManage:310 - Check plugin tools
2026-05-06 10:07:48,185 [INFO] IntegrityCheckThread:86 - entering critical section [integrity check]
2026-05-06 10:07:48,185 [INFO] ThirdPartyUpdaterWithRetryManager:70 - Updater plugin not ready yet. [1/15]
2026-05-06 10:07:48,186 [INFO] PluginManage:359 - Loaded plugin tools (category:base,tabindex:7)
2026-05-06 10:07:48,186 [INFO] PluginManage:310 - Check plugin tutovideos
2026-05-06 10:07:48,297 [INFO] PluginManage:359 - Loaded plugin tutovideos (category:base,tabindex:-1)
2026-05-06 10:07:48,297 [INFO] PluginManage:310 - Check plugin updater
2026-05-06 10:07:48,311 [INFO] PluginManage:359 - Loaded plugin updater (category:base,tabindex:12)
2026-05-06 10:07:48,311 [INFO] PluginManage:310 - Check plugin userauth
2026-05-06 10:07:48,313 [INFO] UserAuth:118 - Init User Auth plugin
2026-05-06 10:07:48,314 [INFO] PluginManage:359 - Loaded plugin userauth (category:base,tabindex:14)
2026-05-06 10:07:48,314 [INFO] PluginManage:283 - PluginManage : Loaded plugins [18]
2026-05-06 10:07:48,428 [INFO] PinOutPanel:1589 - setPackage(No Configuration,No Configuration)
2026-05-06 10:07:48,467 [INFO] CADModel:165 - CPN selected for project level
2026-05-06 10:07:48,467 [INFO] CADModel:114 - Register for checkConnection events
2026-05-06 10:07:48,473 [INFO] IPUIPlugin:80 - create IPUIPlugin
2026-05-06 10:07:48,473 [INFO] PluginManager:220 - loadIPPluginJar : add i2s
2026-05-06 10:07:48,476 [INFO] IPUIPlugin:80 - create IPUIPlugin
2026-05-06 10:07:48,476 [INFO] PluginManager:220 - loadIPPluginJar : add gic
2026-05-06 10:07:48,477 [INFO] IPUIPlugin:80 - create IPUIPlugin
2026-05-06 10:07:48,477 [INFO] PluginManager:220 - loadIPPluginJar : add lorawan
2026-05-06 10:07:48,478 [INFO] IPUIPlugin:80 - create IPUIPlugin
2026-05-06 10:07:48,478 [INFO] PluginManager:220 - loadIPPluginJar : add dma3
2026-05-06 10:07:48,479 [INFO] IPUIPlugin:80 - create IPUIPlugin
2026-05-06 10:07:48,479 [INFO] PluginManager:220 - loadIPPluginJar : add i2c
2026-05-06 10:07:48,480 [INFO] IPUIPlugin:80 - create IPUIPlugin
2026-05-06 10:07:48,480 [INFO] PluginManager:220 - loadIPPluginJar : add quadspi
2026-05-06 10:07:48,480 [INFO] IPUIPlugin:80 - create IPUIPlugin
2026-05-06 10:07:48,481 [INFO] PluginManager:220 - loadIPPluginJar : add genericplugin
2026-05-06 10:07:48,482 [INFO] IPUIPlugin:80 - create IPUIPlugin
2026-05-06 10:07:48,482 [INFO] PluginManager:220 - loadIPPluginJar : add touchsensing
2026-05-06 10:07:48,483 [INFO] IPUIPlugin:80 - create IPUIPlugin
2026-05-06 10:07:48,483 [INFO] PluginManager:220 - loadIPPluginJar : add hash
2026-05-06 10:07:48,485 [INFO] IPUIPlugin:80 - create IPUIPlugin
2026-05-06 10:07:48,485 [INFO] PluginManager:220 - loadIPPluginJar : add dfsdm
2026-05-06 10:07:48,485 [INFO] IPUIPlugin:80 - create IPUIPlugin
2026-05-06 10:07:48,485 [INFO] PluginManager:220 - loadIPPluginJar : add fatfs
2026-05-06 10:07:48,489 [INFO] IPUIPlugin:80 - create IPUIPlugin
2026-05-06 10:07:48,489 [INFO] PluginManager:220 - loadIPPluginJar : add stm32_wpan
2026-05-06 10:07:48,490 [INFO] IPUIPlugin:80 - create IPUIPlugin
2026-05-06 10:07:48,490 [INFO] PluginManager:220 - loadIPPluginJar : add tsc
2026-05-06 10:07:48,492 [INFO] IPUIPlugin:80 - create IPUIPlugin
2026-05-06 10:07:48,492 [INFO] PluginManager:220 - loadIPPluginJar : add opamp
2026-05-06 10:07:48,493 [INFO] IPUIPlugin:80 - create IPUIPlugin
2026-05-06 10:07:48,493 [INFO] PluginManager:220 - loadIPPluginJar : add sai
2026-05-06 10:07:48,496 [INFO] IPUIPlugin:80 - create IPUIPlugin
2026-05-06 10:07:48,496 [INFO] PluginManager:220 - loadIPPluginJar : add freertos
2026-05-06 10:07:48,499 [INFO] IPUIPlugin:80 - create IPUIPlugin
2026-05-06 10:07:48,499 [INFO] PluginManager:220 - loadIPPluginJar : add mdma
2026-05-06 10:07:48,500 [INFO] IPUIPlugin:80 - create IPUIPlugin
2026-05-06 10:07:48,500 [INFO] PluginManager:220 - loadIPPluginJar : add ts
2026-05-06 10:07:48,501 [INFO] IPUIPlugin:80 - create IPUIPlugin
2026-05-06 10:07:48,501 [INFO] PluginManager:220 - loadIPPluginJar : add comp
2026-05-06 10:07:48,504 [INFO] IPUIPlugin:80 - create IPUIPlugin
2026-05-06 10:07:48,504 [INFO] PluginManager:220 - loadIPPluginJar : add dma
2026-05-06 10:07:48,506 [INFO] IPUIPlugin:80 - create IPUIPlugin
2026-05-06 10:07:48,506 [INFO] PluginManager:220 - loadIPPluginJar : add nvic
2026-05-06 10:07:48,507 [INFO] IPUIPlugin:80 - create IPUIPlugin
2026-05-06 10:07:48,507 [INFO] PluginManager:220 - loadIPPluginJar : add cryp
2026-05-06 10:07:48,508 [INFO] IPUIPlugin:80 - create IPUIPlugin
2026-05-06 10:07:48,508 [INFO] PluginManager:220 - loadIPPluginJar : add usbx
2026-05-06 10:07:48,510 [INFO] IPUIPlugin:80 - create IPUIPlugin
2026-05-06 10:07:48,510 [INFO] PluginManager:220 - loadIPPluginJar : add openamp
2026-05-06 10:07:48,511 [INFO] IPUIPlugin:80 - create IPUIPlugin
2026-05-06 10:07:48,511 [INFO] PluginManager:220 - loadIPPluginJar : add resmgrutility
2026-05-06 10:07:48,514 [INFO] IPUIPlugin:80 - create IPUIPlugin
2026-05-06 10:07:48,514 [INFO] PluginManager:220 - loadIPPluginJar : add adc
2026-05-06 10:07:48,517 [INFO] IPUIPlugin:80 - create IPUIPlugin
2026-05-06 10:07:48,517 [INFO] PluginManager:220 - loadIPPluginJar : add fmc
2026-05-06 10:07:48,518 [INFO] IPUIPlugin:80 - create IPUIPlugin
2026-05-06 10:07:48,518 [INFO] PluginManager:220 - loadIPPluginJar : add radio
2026-05-06 10:07:48,521 [INFO] IPUIPlugin:80 - create IPUIPlugin
2026-05-06 10:07:48,522 [INFO] PluginManager:220 - loadIPPluginJar : add plateformsettings
2026-05-06 10:07:48,524 [INFO] IPUIPlugin:80 - create IPUIPlugin
2026-05-06 10:07:48,524 [INFO] PluginManager:220 - loadIPPluginJar : add i3c
2026-05-06 10:07:48,525 [INFO] IPUIPlugin:80 - create IPUIPlugin
2026-05-06 10:07:48,525 [INFO] PluginManager:220 - loadIPPluginJar : add ucpd
2026-05-06 10:07:48,528 [INFO] IPUIPlugin:80 - create IPUIPlugin
2026-05-06 10:07:48,528 [INFO] PluginManager:220 - loadIPPluginJar : add linkedlist
2026-05-06 10:07:48,530 [INFO] IPUIPlugin:80 - create IPUIPlugin
2026-05-06 10:07:48,530 [INFO] PluginManager:220 - loadIPPluginJar : add extmemmanager
2026-05-06 10:07:48,531 [INFO] IPUIPlugin:80 - create IPUIPlugin
2026-05-06 10:07:48,531 [INFO] PluginManager:220 - loadIPPluginJar : add usart
2026-05-06 10:07:48,532 [INFO] IPUIPlugin:80 - create IPUIPlugin
2026-05-06 10:07:48,532 [INFO] PluginManager:220 - loadIPPluginJar : add pdm2pcm
2026-05-06 10:07:48,533 [INFO] IPUIPlugin:80 - create IPUIPlugin
2026-05-06 10:07:48,533 [INFO] PluginManager:220 - loadIPPluginJar : add ddr_ctrl_phy
2026-05-06 10:07:48,535 [INFO] IPUIPlugin:80 - create IPUIPlugin
2026-05-06 10:07:48,535 [INFO] PluginManager:220 - loadIPPluginJar : add gtzc
2026-05-06 10:07:48,536 [INFO] IPUIPlugin:80 - create IPUIPlugin
2026-05-06 10:07:48,536 [INFO] PluginManager:220 - loadIPPluginJar : add spi
2026-05-06 10:07:48,536 [INFO] IPUIPlugin:80 - create IPUIPlugin
2026-05-06 10:07:48,536 [INFO] PluginManager:220 - loadIPPluginJar : add tim
2026-05-06 10:07:48,538 [INFO] IPUIPlugin:80 - create IPUIPlugin
2026-05-06 10:07:48,538 [INFO] PluginManager:220 - loadIPPluginJar : add ipddr
2026-05-06 10:07:48,539 [INFO] IPUIPlugin:80 - create IPUIPlugin
2026-05-06 10:07:48,539 [INFO] PluginManager:220 - loadIPPluginJar : add aes
2026-05-06 10:07:48,540 [INFO] IPUIPlugin:80 - create IPUIPlugin
2026-05-06 10:07:48,540 [INFO] PluginManager:220 - loadIPPluginJar : add gfxmmu
2026-05-06 10:07:48,541 [INFO] IPUIPlugin:80 - create IPUIPlugin
2026-05-06 10:07:48,541 [INFO] PluginManager:220 - loadIPPluginJar : add tracer_emb
2026-05-06 10:07:48,541 [INFO] IPUIPlugin:80 - create IPUIPlugin
2026-05-06 10:07:48,542 [INFO] PluginManager:220 - loadIPPluginJar : add ltdc
2026-05-06 10:07:48,543 [INFO] IPUIPlugin:80 - create IPUIPlugin
2026-05-06 10:07:48,543 [INFO] PluginManager:220 - loadIPPluginJar : add gpio
2026-05-06 10:07:48,544 [INFO] IPUIPlugin:80 - create IPUIPlugin
2026-05-06 10:07:48,544 [INFO] PluginManager:220 - loadIPPluginJar : add can
2026-05-06 10:07:48,638 [FATAL] Updater:351 - Updater called before beeing initialized
2026-05-06 10:07:48,661 [INFO] RulesReader:64 - Compatibility file has been processed (317 Rules)
2026-05-06 10:07:48,674 [INFO] RulesReader:64 - Compatibility file has been processed (317 Rules)
2026-05-06 10:07:48,680 [INFO] CADModel:165 - CPN selected for project level
2026-05-06 10:07:48,680 [INFO] CADModel:114 - Register for checkConnection events
2026-05-06 10:07:48,680 [FATAL] Updater:351 - Updater called before beeing initialized
2026-05-06 10:07:48,680 [ERROR] CADModel:125 - Updater not yet initialized, retry later 
2026-05-06 10:07:48,746 [FATAL] Updater:351 - Updater called before beeing initialized
2026-05-06 10:07:48,746 [INFO] CADModel:165 - CPN selected for project level
2026-05-06 10:07:48,747 [INFO] CADModel:114 - Register for checkConnection events
2026-05-06 10:07:48,747 [FATAL] Updater:351 - Updater called before beeing initialized
2026-05-06 10:07:48,747 [ERROR] CADModel:125 - Updater not yet initialized, retry later 
2026-05-06 10:07:48,748 [FATAL] Updater:351 - Updater called before beeing initialized
2026-05-06 10:07:48,797 [FATAL] Updater:351 - Updater called before beeing initialized
2026-05-06 10:07:48,799 [INFO] DbMcusAds:53 - JSON generation date=Mon Dec 15 17:11:46 CST 2025 (1765840306612)
2026-05-06 10:07:48,799 [FATAL] Updater:351 - Updater called before beeing initialized
2026-05-06 10:07:48,820 [WARN] DetailPanel:346 - Failed to get advertising image, set to default
2026-05-06 10:07:48,873 [FATAL] Updater:351 - Updater called before beeing initialized
2026-05-06 10:07:48,874 [FATAL] Updater:351 - Updater called before beeing initialized
2026-05-06 10:07:48,874 [FATAL] Updater:351 - Updater called before beeing initialized
2026-05-06 10:07:48,874 [WARN] DetailPanel:346 - Failed to get advertising image, set to default
2026-05-06 10:07:48,875 [FATAL] Updater:351 - Updater called before beeing initialized
2026-05-06 10:07:48,894 [ERROR] Updater:1198 - MainUpdater not yet initialized. External WinMGr cannot be set.
2026-05-06 10:07:48,895 [INFO] Updater:1134 - Updater Version found : 6.15.0
2026-05-06 10:07:48,904 [INFO] ApplicationProperties:184 - Using Application install path: /home/texasjoe23/st/stm32cubeide_1.18.1/plugins/com.st.stm32cube.common.mx_6.15.0.202507011659
2026-05-06 10:07:49,072 [INFO] MainUpdater:2872 - connection check result : 10
2026-05-06 10:07:49,073 [INFO] MainUpdater:3604 - Updater definition file requires update
2026-05-06 10:07:49,073 [INFO] MainUpdater:289 - Updater Check For Update Now.
2026-05-06 10:07:49,073 [INFO] MicroXplorer:498 - Change Database Version : DB.6.0.150
2026-05-06 10:07:49,075 [INFO] McuFinderGlobals:63 - Set McuFinder mode to 2 (CubeIDE integrated)
2026-05-06 10:07:49,076 [INFO] UserAuth:487 - Internet connection configuration mode: 1
2026-05-06 10:07:49,081 [INFO] JxBrowserEngine:152 - Initiate JxBrowser Engine with user profile folder
2026-05-06 10:07:49,146 [INFO] ServerAccessManage:452 - Complete download http(s) 200
2026-05-06 10:07:49,147 [INFO] ServerAccessManage:509 - Download File updaters.zip
2026-05-06 10:07:49,210 [INFO] FileExtend:248 - Unzip File : updaters.zip
2026-05-06 10:07:49,211 [INFO] FileExtend:263 - Standard Zip Deflate
2026-05-06 10:07:49,398 [INFO] ServerAccessManage:452 - Complete download http(s) 200
2026-05-06 10:07:49,399 [INFO] ServerAccessManage:509 - Download File PacksControlFlags.xml
2026-05-06 10:07:49,448 [INFO] ServerAccessManage:452 - Complete download http(s) 200
2026-05-06 10:07:49,448 [INFO] ServerAccessManage:509 - Download File cubemx.pidx
2026-05-06 10:07:49,536 [INFO] LoadServerUpdatesThread:375 - End of LoadServerUpdate Thread
2026-05-06 10:07:49,543 [INFO] WebApp:169 - Instantiating new browser for Auth
2026-05-06 10:07:49,692 [INFO] CheckServerUpdateThread:120 - End of CheckServer Thread
2026-05-06 10:07:49,997 [INFO] WebApp:463 - Apply proxy settings
2026-05-06 10:07:49,997 [INFO] WebApp:548 - Chromium requires no authentication
2026-05-06 10:07:50,001 [INFO] WebApp:491 - Direct internet connection detected
2026-05-06 10:07:50,011 [INFO] WebApp:900 - Register for checkConnection events
2026-05-06 10:07:50,012 [INFO] WebApp:463 - Apply proxy settings
2026-05-06 10:07:50,012 [INFO] WebApp:548 - Chromium requires no authentication
2026-05-06 10:07:50,012 [INFO] WebApp:491 - Direct internet connection detected
2026-05-06 10:07:50,091 [INFO] WebApp:225 - Starting web application
2026-05-06 10:07:50,092 [INFO] WebApp:593 - Web application path used /home/texasjoe23/st/stm32cubeide_1.18.1/plugins/com.st.stm32cube.common.mx_6.15.0.202507011659/db/plugins/mcufinder/reactClient1/index.html
2026-05-06 10:07:50,172 [INFO] UserAuth:487 - Internet connection configuration mode: 1
2026-05-06 10:07:50,182 [INFO] WebApp:191 - Connection restablished
2026-05-06 10:07:51,302 [WARN] PackLoader:240 - Cannot read IP mode file for STMicroelectronics.FP-SNS-MOTENVWB1.1.4.0
2026-05-06 10:07:51,307 [WARN] PackLoader:240 - Cannot read IP mode file for STMicroelectronics.FP-ATR-ASTRA1.2.0.2
2026-05-06 10:07:51,311 [WARN] PackLoader:240 - Cannot read IP mode file for STMicroelectronics.X-CUBE-SMBUS.2.1.0
2026-05-06 10:07:51,314 [WARN] PackLoader:240 - Cannot read IP mode file for STMicroelectronics.X-CUBE-ST60.1.0.0
2026-05-06 10:07:51,339 [WARN] PackLoader:240 - Cannot read IP mode file for STMicroelectronics.X-CUBE-AZRTOS-F7.1.1.0
2026-05-06 10:07:51,348 [WARN] PackLoader:240 - Cannot read IP mode file for STMicroelectronics.FP-SNS-MOTENV1.5.1.0
2026-05-06 10:07:51,376 [WARN] PackLoader:240 - Cannot read IP mode file for Infineon.AIROC-Wi-Fi-Bluetooth-STM32.1.7.0
2026-05-06 10:07:51,402 [WARN] PackLoader:240 - Cannot read IP mode file for STMicroelectronics.X-CUBE-AZRTOS-H7.3.4.0
2026-05-06 10:07:51,412 [WARN] PackLoader:240 - Cannot read IP mode file for STMicroelectronics.X-CUBE-DISPLAY.3.0.0
2026-05-06 10:07:51,422 [WARN] PackLoader:240 - Cannot read IP mode file for STMicroelectronics.X-CUBE-NFC10.1.0.0
2026-05-06 10:07:51,432 [WARN] PackLoader:240 - Cannot read IP mode file for STMicroelectronics.X-CUBE-BLEMGR.4.0.0
2026-05-06 10:07:51,439 [WARN] PackLoader:240 - Cannot read IP mode file for STMicroelectronics.X-CUBE-ST60.1.1.0
2026-05-06 10:07:51,442 [WARN] PackLoader:240 - Cannot read IP mode file for emotas.I-CUBE-CANOPEN.1.3.0
2026-05-06 10:07:51,446 [WARN] PackLoader:240 - Cannot read IP mode file for STMicroelectronics.X-CUBE-GNSS1.7.1.0
2026-05-06 10:07:51,450 [WARN] ConditionMgr:438 - getConditionDescription Invalid condition id : Cortex-A Device cause : null
2026-05-06 10:07:51,456 [WARN] ConditionMgr:1044 - genDependencies : Invalid condition id : Cortex-A Device cause : null
2026-05-06 10:07:51,456 [WARN] ConditionMgr:1044 - genDependencies : Invalid condition id : Cortex-A Device cause : null
2026-05-06 10:07:51,456 [WARN] ConditionMgr:1044 - genDependencies : Invalid condition id : Cortex-A Device cause : null
2026-05-06 10:07:51,458 [WARN] PackLoader:240 - Cannot read IP mode file for STMicroelectronics.X-CUBE-AI.10.0.0
2026-05-06 10:07:51,463 [WARN] PackLoader:240 - Cannot read IP mode file for STMicroelectronics.FP-SNS-STBOX1.2.1.0
2026-05-06 10:07:51,468 [WARN] PackLoader:240 - Cannot read IP mode file for STMicroelectronics.FP-SNS-SMARTAG2.1.2.0
2026-05-06 10:07:51,471 [WARN] PackLoader:240 - Cannot read IP mode file for STMicroelectronics.FP-SNS-FLIGHT1.5.1.0
2026-05-06 10:07:51,477 [INFO] LogOutputStream:77 - [STDOUT_REDIRECT] 1 : Invalid condition id : UX_CORESTACK_Condition cause : null
2026-05-06 10:07:51,477 [INFO] LogOutputStream:77 - [STDOUT_REDIRECT] 1 : Invalid condition id : UX_CORESTACK_Condition cause : null
2026-05-06 10:07:51,477 [INFO] LogOutputStream:77 - [STDOUT_REDIRECT] 1 : Invalid condition id : UX_CORESTACK_Condition cause : null
2026-05-06 10:07:51,478 [INFO] LogOutputStream:77 - [STDOUT_REDIRECT] 1 : Invalid condition id : UX_CORESTACK_Condition cause : null
2026-05-06 10:07:51,478 [INFO] LogOutputStream:77 - [STDOUT_REDIRECT] 1 : Invalid condition id : UX_CORESTACK_Condition cause : null
2026-05-06 10:07:51,481 [WARN] PackLoader:240 - Cannot read IP mode file for STMicroelectronics.X-CUBE-AZRTOS-WL.2.0.0
2026-05-06 10:07:51,484 [WARN] PackLoader:240 - Cannot read IP mode file for STMicroelectronics.FP-SNS-MOTENV1.5.0.0
2026-05-06 10:07:51,499 [WARN] PackLoader:240 - Cannot read IP mode file for STMicroelectronics.X-CUBE-AZRTOS-H7RS.1.2.0
2026-05-06 10:07:51,505 [WARN] PackLoader:240 - Cannot read IP mode file for WES.I-CUBE-Cesium.1.3.0
2026-05-06 10:07:51,508 [WARN] PackLoader:240 - Cannot read IP mode file for STMicroelectronics.X-CUBE-BLE2.3.3.0
2026-05-06 10:07:51,516 [WARN] PackLoader:240 - Cannot read IP mode file for STMicroelectronics.X-CUBE-NFC9.1.0.0
2026-05-06 10:07:51,520 [WARN] PackLoader:240 - Cannot read IP mode file for wolfSSL.I-CUBE-wolfSSL.5.8.0
2026-05-06 10:07:51,523 [WARN] PackLoader:240 - Cannot read IP mode file for STMicroelectronics.X-CUBE-BLE1.7.1.0
2026-05-06 10:07:51,526 [WARN] PackLoader:240 - Cannot read IP mode file for wolfSSL.I-CUBE-wolfMQTT.1.19.2
2026-05-06 10:07:51,530 [WARN] PackLoader:240 - Cannot read IP mode file for STMicroelectronics.X-CUBE-FREERTOS.1.4.0
2026-05-06 10:07:51,533 [WARN] PackLoader:240 - Cannot read IP mode file for STMicroelectronics.X-CUBE-EEPRMA1.5.2.0
2026-05-06 10:07:51,539 [WARN] PackLoader:240 - Cannot read IP mode file for STMicroelectronics.X-CUBE-ST67W61.1.1.0
2026-05-06 10:07:51,541 [WARN] PackLoader:240 - Cannot read IP mode file for STMicroelectronics.X-CUBE-AI.10.1.0
2026-05-06 10:07:51,578 [WARN] PackLoader:240 - Cannot read IP mode file for STMicroelectronics.X-CUBE-MEMS1.12.0.0
2026-05-06 10:07:51,696 [WARN] PackLoader:240 - Cannot read IP mode file for STMicroelectronics.X-CUBE-MEMS1.11.2.0
2026-05-06 10:07:51,805 [WARN] PackLoader:240 - Cannot read IP mode file for STMicroelectronics.X-CUBE-AZRTOS-G0.1.1.0
2026-05-06 10:07:51,811 [WARN] PackLoader:240 - Cannot read IP mode file for STMicroelectronics.X-CUBE-SAFEA1.1.2.2
2026-05-06 10:07:51,815 [WARN] PackLoader:240 - Cannot read IP mode file for STMicroelectronics.X-CUBE-NFC4.3.0.0
2026-05-06 10:07:51,822 [WARN] PackLoader:240 - Cannot read IP mode file for EmbeddedOffice.I-CUBE-FS-RTOS.1.0.1
2026-05-06 10:07:51,827 [WARN] PackLoader:240 - Cannot read IP mode file for STMicroelectronics.X-CUBE-WB05N.2.0.0
2026-05-06 10:07:51,830 [WARN] PackLoader:240 - Cannot read IP mode file for wolfSSL.I-CUBE-wolfTPM.3.8.0
2026-05-06 10:07:51,835 [WARN] PackLoader:240 - Cannot read IP mode file for STMicroelectronics.X-CUBE-TCPP.4.2.0
2026-05-06 10:07:51,840 [WARN] PackLoader:240 - Cannot read IP mode file for RealThread.X-CUBE-RT-Thread_Nano.4.1.1
2026-05-06 10:07:51,842 [WARN] PackLoader:240 - Cannot read IP mode file for STMicroelectronics.FP-ATR-SIGFOX1.3.2.0
2026-05-06 10:07:51,847 [WARN] PackLoader:240 - Cannot read IP mode file for STMicroelectronics.X-CUBE-EEPRMA1.5.1.0
2026-05-06 10:07:51,852 [WARN] PackLoader:240 - Cannot read IP mode file for ITTIA_DB.I-CUBE-ITTIADB.8.9.0
2026-05-06 10:07:51,857 [WARN] PackLoader:240 - Cannot read IP mode file for STMicroelectronics.X-CUBE-ST67W61.1.0.0
2026-05-06 10:07:51,859 [WARN] PackLoader:240 - Cannot read IP mode file for STMicroelectronics.X-CUBE-AI.10.2.0
2026-05-06 10:07:51,875 [WARN] PackLoader:240 - Cannot read IP mode file for SEGGER.I-CUBE-embOS.1.3.1
2026-05-06 10:07:51,914 [WARN] PackLoader:240 - Cannot read IP mode file for STMicroelectronics.X-CUBE-ALGOBUILD.1.4.0
2026-05-06 10:07:51,947 [WARN] PackLoader:240 - Cannot read IP mode file for STMicroelectronics.X-CUBE-MEMS1.11.3.0
2026-05-06 10:07:52,043 [WARN] PackLoader:240 - Cannot read IP mode file for STMicroelectronics.X-CUBE-PM33A1.1.0.0
2026-05-06 10:07:52,053 [WARN] PackLoader:240 - Cannot read IP mode file for STMicroelectronics.X-CUBE-AZRTOS-F4.1.1.0
2026-05-06 10:07:52,057 [WARN] PackLoader:240 - Cannot read IP mode file for Avnet-IotConnect.X-CUBE-IoTC-DA16k-PMOD.1.0.0
2026-05-06 10:07:52,059 [WARN] PackLoader:240 - Cannot read IP mode file for STMicroelectronics.X-CUBE-ISPU.2.1.0
2026-05-06 10:07:52,065 [WARN] PackLoader:240 - Cannot read IP mode file for STMicroelectronics.X-CUBE-IPS.3.2.0
2026-05-06 10:07:52,072 [WARN] PackLoader:240 - Cannot read IP mode file for STMicroelectronics.X-CUBE-NFC12.1.0.0
2026-05-06 10:07:52,081 [WARN] PackLoader:240 - Cannot read IP mode file for STMicroelectronics.X-CUBE-AZRTOS-L5.2.0.0
2026-05-06 10:07:52,086 [WARN] PackLoader:240 - Cannot read IP mode file for STMicroelectronics.X-CUBE-NFC6.3.1.0
2026-05-06 10:07:52,089 [WARN] PackLoader:240 - Cannot read IP mode file for STMicroelectronics.X-CUBE-FREERTOS.1.3.1
2026-05-06 10:07:52,091 [WARN] PackLoader:240 - Cannot read IP mode file for STMicroelectronics.X-CUBE-TOUCHGFX.4.26.0
2026-05-06 10:07:52,094 [WARN] PackLoader:240 - Cannot read IP mode file for STMicroelectronics.FP-SNS-STAIOTCFT.1.0.0
2026-05-06 10:07:52,096 [WARN] PackLoader:240 - Cannot read IP mode file for STMicroelectronics.X-CUBE-DPower.1.3.0
2026-05-06 10:07:52,106 [WARN] ConditionMgr:438 - getConditionDescription Invalid condition id : LAN8742 Phy interface Condition cause : null
2026-05-06 10:07:52,106 [WARN] PackLoader:240 - Cannot read IP mode file for STMicroelectronics.X-CUBE-AZRTOS-L4.2.0.0
2026-05-06 10:07:52,107 [WARN] ConditionMgr:1044 - genDependencies : Invalid condition id : LAN8742 Phy interface Condition cause : null
2026-05-06 10:07:52,107 [WARN] ConditionMgr:1044 - genDependencies : Invalid condition id : LAN8742 Phy interface Condition cause : null
2026-05-06 10:07:52,107 [WARN] ConditionMgr:1044 - genDependencies : Invalid condition id : LAN8742 Phy interface Condition cause : null
2026-05-06 10:07:52,110 [WARN] PackLoader:240 - Cannot read IP mode file for STMicroelectronics.X-CUBE-SFXS2LP1.4.0.0
2026-05-06 10:07:52,123 [WARN] PackLoader:240 - Cannot read IP mode file for STMicroelectronics.X-CUBE-AZRTOS-H7.3.3.0
2026-05-06 10:07:52,133 [WARN] PackLoader:240 - Cannot read IP mode file for STMicroelectronics.X-CUBE-BLEMGR.4.1.0
2026-05-06 10:07:52,142 [WARN] ConditionMgr:438 - getConditionDescription Invalid condition id : UX DEVICE CLASS RTOS Condition cause : null
2026-05-06 10:07:52,142 [WARN] ConditionMgr:438 - getConditionDescription Invalid condition id : UX DEVICE CLASS RTOS Condition cause : null
2026-05-06 10:07:52,143 [WARN] PackLoader:240 - Cannot read IP mode file for STMicroelectronics.X-CUBE-AZRTOS-WB.2.0.0
2026-05-06 10:07:52,143 [WARN] ConditionMgr:1044 - genDependencies : Invalid condition id : UX DEVICE CLASS RTOS Condition cause : null
2026-05-06 10:07:52,143 [WARN] ConditionMgr:1044 - genDependencies : Invalid condition id : UX DEVICE CLASS RTOS Condition cause : null
2026-05-06 10:07:52,143 [WARN] ConditionMgr:1044 - genDependencies : Invalid condition id : UX DEVICE CLASS RTOS Condition cause : null
2026-05-06 10:07:52,144 [WARN] ConditionMgr:1044 - genDependencies : Invalid condition id : UX DEVICE CLASS RTOS Condition cause : null
2026-05-06 10:07:52,144 [WARN] ConditionMgr:1044 - genDependencies : Invalid condition id : UX DEVICE CLASS RTOS Condition cause : null
2026-05-06 10:07:52,146 [WARN] PackLoader:240 - Cannot read IP mode file for STMicroelectronics.X-CUBE-GNSS1.7.0.1
2026-05-06 10:07:52,148 [WARN] PackLoader:240 - Cannot read IP mode file for STMicroelectronics.X-CUBE-TOUCHGFX.4.25.0
2026-05-06 10:07:52,151 [WARN] PackLoader:240 - Cannot read IP mode file for STMicroelectronics.FP-SNS-STBOX1.2.0.0
2026-05-06 10:07:52,157 [WARN] PackLoader:240 - Cannot read IP mode file for STMicroelectronics.X-CUBE-SUBG2.5.0.0
2026-05-06 10:07:52,169 [WARN] PackLoader:240 - Cannot read IP mode file for STMicroelectronics.X-CUBE-AZRTOS-H7RS.1.1.0
2026-05-06 10:07:52,172 [WARN] PackLoader:240 - Cannot read IP mode file for Cesanta.I-CUBE-Mongoose.7.13.0
2026-05-06 10:07:52,179 [WARN] PackLoader:240 - Cannot read IP mode file for STMicroelectronics.X-CUBE-AZRTOS-G4.2.0.0
2026-05-06 10:07:52,181 [WARN] PackLoader:240 - Cannot read IP mode file for wolfSSL.I-CUBE-wolfSSH.1.4.20
2026-05-06 10:07:52,184 [WARN] PackLoader:240 - Cannot read IP mode file for STMicroelectronics.X-CUBE-NFC7.2.0.0
2026-05-06 10:07:52,190 [WARN] PackLoader:240 - Cannot read IP mode file for STMicroelectronics.X-CUBE-IPS.3.1.0
2026-05-06 10:07:52,194 [WARN] PackLoader:240 - Cannot read IP mode file for STMicroelectronics.X-CUBE-ALS.1.0.2
2026-05-06 10:07:52,198 [WARN] PackLoader:240 - Cannot read IP mode file for STMicroelectronics.X-CUBE-STSE01.1.0.0
2026-05-06 10:07:52,208 [WARN] PackLoader:240 - Cannot read IP mode file for portGmbH.I-Cube-SoM-uGOAL.1.1.0
2026-05-06 10:07:52,213 [WARN] PackLoader:240 - Cannot read IP mode file for STMicroelectronics.X-CUBE-TOF1.3.4.3
2026-05-06 10:07:52,219 [INFO] ThirdParty:978 - Integrity check success = true
2026-05-06 10:07:52,219 [INFO] IntegrityCheckThread:100 - exiting critical section [integrity check]
2026-05-06 10:07:52,219 [INFO] IntegrityCheckThread:103 - End integrity checks thread
